C:\Users\nshie\source\repos\StatSportsTechnicalProject\StatSportsTechnicalProject\StatSportsApp\dist\out-tsc\e2e\src\app.po.js
C:\Users\nshie\source\repos\StatSportsTechnicalProject\StatSportsTechnicalProject\StatSportsApp\dist\out-tsc\e2e\src\app.po.js.map
C:\Users\nshie\source\repos\StatSportsTechnicalProject\StatSportsTechnicalProject\StatSportsApp\dist\out-tsc\e2e\src\app.e2e-spec.js
C:\Users\nshie\source\repos\StatSportsTechnicalProject\StatSportsTechnicalProject\StatSportsApp\dist\out-tsc\e2e\src\app.e2e-spec.js.map
C:\Users\nshie\source\repos\StatSportsTechnicalProject\StatSportsTechnicalProject\StatSportsApp\dist\out-tsc\src\environments\environment.js
C:\Users\nshie\source\repos\StatSportsTechnicalProject\StatSportsTechnicalProject\StatSportsApp\dist\out-tsc\src\environments\environment.js.map
C:\Users\nshie\source\repos\StatSportsTechnicalProject\StatSportsTechnicalProject\StatSportsApp\dist\out-tsc\src\app\models\players.js
C:\Users\nshie\source\repos\StatSportsTechnicalProject\StatSportsTechnicalProject\StatSportsApp\dist\out-tsc\src\app\models\players.js.map
C:\Users\nshie\source\repos\StatSportsTechnicalProject\StatSportsTechnicalProject\StatSportsApp\dist\out-tsc\src\app\services\player.service.js
C:\Users\nshie\source\repos\StatSportsTechnicalProject\StatSportsTechnicalProject\StatSportsApp\dist\out-tsc\src\app\services\player.service.js.map
C:\Users\nshie\source\repos\StatSportsTechnicalProject\StatSportsTechnicalProject\StatSportsApp\dist\out-tsc\src\app\players\players.component.js
C:\Users\nshie\source\repos\StatSportsTechnicalProject\StatSportsTechnicalProject\StatSportsApp\dist\out-tsc\src\app\players\players.component.js.map
C:\Users\nshie\source\repos\StatSportsTechnicalProject\StatSportsTechnicalProject\StatSportsApp\dist\out-tsc\src\app\player\player.component.js
C:\Users\nshie\source\repos\StatSportsTechnicalProject\StatSportsTechnicalProject\StatSportsApp\dist\out-tsc\src\app\player\player.component.js.map
C:\Users\nshie\source\repos\StatSportsTechnicalProject\StatSportsTechnicalProject\StatSportsApp\dist\out-tsc\src\app\player-add-edit\player-add-edit.component.js
C:\Users\nshie\source\repos\StatSportsTechnicalProject\StatSportsTechnicalProject\StatSportsApp\dist\out-tsc\src\app\player-add-edit\player-add-edit.component.js.map
C:\Users\nshie\source\repos\StatSportsTechnicalProject\StatSportsTechnicalProject\StatSportsApp\dist\out-tsc\src\app\app-routing.module.js
C:\Users\nshie\source\repos\StatSportsTechnicalProject\StatSportsTechnicalProject\StatSportsApp\dist\out-tsc\src\app\app-routing.module.js.map
C:\Users\nshie\source\repos\StatSportsTechnicalProject\StatSportsTechnicalProject\StatSportsApp\dist\out-tsc\src\app\app.component.js
C:\Users\nshie\source\repos\StatSportsTechnicalProject\StatSportsTechnicalProject\StatSportsApp\dist\out-tsc\src\app\app.component.js.map
C:\Users\nshie\source\repos\StatSportsTechnicalProject\StatSportsTechnicalProject\StatSportsApp\dist\out-tsc\src\app\app.module.js
C:\Users\nshie\source\repos\StatSportsTechnicalProject\StatSportsTechnicalProject\StatSportsApp\dist\out-tsc\src\app\app.module.js.map
C:\Users\nshie\source\repos\StatSportsTechnicalProject\StatSportsTechnicalProject\StatSportsApp\dist\out-tsc\src\main.js
C:\Users\nshie\source\repos\StatSportsTechnicalProject\StatSportsTechnicalProject\StatSportsApp\dist\out-tsc\src\main.js.map
C:\Users\nshie\source\repos\StatSportsTechnicalProject\StatSportsTechnicalProject\StatSportsApp\dist\out-tsc\src\polyfills.js
C:\Users\nshie\source\repos\StatSportsTechnicalProject\StatSportsTechnicalProject\StatSportsApp\dist\out-tsc\src\polyfills.js.map
C:\Users\nshie\source\repos\StatSportsTechnicalProject\StatSportsTechnicalProject\StatSportsApp\dist\out-tsc\src\test.js
C:\Users\nshie\source\repos\StatSportsTechnicalProject\StatSportsTechnicalProject\StatSportsApp\dist\out-tsc\src\test.js.map
C:\Users\nshie\source\repos\StatSportsTechnicalProject\StatSportsTechnicalProject\StatSportsApp\dist\out-tsc\src\app\app.component.spec.js
C:\Users\nshie\source\repos\StatSportsTechnicalProject\StatSportsTechnicalProject\StatSportsApp\dist\out-tsc\src\app\app.component.spec.js.map
C:\Users\nshie\source\repos\StatSportsTechnicalProject\StatSportsTechnicalProject\StatSportsApp\dist\out-tsc\src\app\player\player.component.spec.js
C:\Users\nshie\source\repos\StatSportsTechnicalProject\StatSportsTechnicalProject\StatSportsApp\dist\out-tsc\src\app\player\player.component.spec.js.map
C:\Users\nshie\source\repos\StatSportsTechnicalProject\StatSportsTechnicalProject\StatSportsApp\dist\out-tsc\src\app\player-add-edit\player-add-edit.component.spec.js
C:\Users\nshie\source\repos\StatSportsTechnicalProject\StatSportsTechnicalProject\StatSportsApp\dist\out-tsc\src\app\player-add-edit\player-add-edit.component.spec.js.map
C:\Users\nshie\source\repos\StatSportsTechnicalProject\StatSportsTechnicalProject\StatSportsApp\dist\out-tsc\src\app\players\players.component.spec.js
C:\Users\nshie\source\repos\StatSportsTechnicalProject\StatSportsTechnicalProject\StatSportsApp\dist\out-tsc\src\app\players\players.component.spec.js.map
C:\Users\nshie\source\repos\StatSportsTechnicalProject\StatSportsTechnicalProject\StatSportsApp\dist\out-tsc\src\app\services\player.service.spec.js
C:\Users\nshie\source\repos\StatSportsTechnicalProject\StatSportsTechnicalProject\StatSportsApp\dist\out-tsc\src\app\services\player.service.spec.js.map
C:\Users\nshie\source\repos\StatSportsTechnicalProject\StatSportsTechnicalProject\StatSportsApp\dist\out-tsc\src\environments\environment.prod.js
C:\Users\nshie\source\repos\StatSportsTechnicalProject\StatSportsTechnicalProject\StatSportsApp\dist\out-tsc\src\environments\environment.prod.js.map
